\BOOKMARK [0][]{ctitle.0}{\376\377\134\100\220\350\131\032\133\124\215\050\154\024\117\123\227\131\123\213\217\164\142\177\121\163\225\056\142\200\147\057\166\204\170\024\172\166}{}% 1
\BOOKMARK [0][]{section*.2}{\376\377\144\130\000\040\211\201}{}% 2
\BOOKMARK [0][]{section*.4}{\376\377\000A\000b\000s\000t\000r\000a\000c\000t}{}% 3
\BOOKMARK [0][]{section*.6}{\376\377\162\151\164\006\221\317\124\015\171\360\123\312\173\046\123\367\210\150}{}% 4
\BOOKMARK [0][]{ccontent.0}{\376\377\166\356\000\040\137\125}{}% 5
\BOOKMARK [0][]{chapter.1}{\376\377\173\054\0001\172\340\000\040\124\310\134\024\156\350\135\345\116\032\131\047\133\146\170\024\172\166\165\037\133\146\117\115\213\272\145\207\144\260\121\231\211\304\203\003}{}% 6
\BOOKMARK [1][-]{section.1.1}{\376\377\0001\000.\0001\000\040\121\205\133\271\211\201\154\102}{chapter.1}% 7
\BOOKMARK [2][-]{subsection.1.1.1}{\376\377\0001\000.\0001\000.\0001\000\040\230\230\166\356}{section.1.1}% 8
\BOOKMARK [2][-]{subsection.1.1.2}{\376\377\0001\000.\0001\000.\0002\000\040\144\130\211\201\116\016\121\163\225\056\213\315}{section.1.1}% 9
\BOOKMARK [2][-]{subsection.1.1.3}{\376\377\0001\000.\0001\000.\0003\000\040\166\356\137\125}{section.1.1}% 10
\BOOKMARK [2][-]{subsection.1.1.4}{\376\377\0001\000.\0001\000.\0004\000\040\213\272\145\207\153\143\145\207}{section.1.1}% 11
\BOOKMARK [2][-]{subsection.1.1.5}{\376\377\0001\000.\0001\000.\0005\000\040\123\302\200\003\145\207\163\056}{section.1.1}% 12
\BOOKMARK [2][-]{subsection.1.1.6}{\376\377\0001\000.\0001\000.\0006\000\040\145\073\213\373\133\146\117\115\147\037\225\364\123\326\137\227\122\033\145\260\140\047\142\020\147\234}{section.1.1}% 13
\BOOKMARK [2][-]{subsection.1.1.7}{\376\377\0001\000.\0001\000.\0007\000\040\123\237\122\033\140\047\130\360\146\016\123\312\117\177\165\050\147\103\226\120}{section.1.1}% 14
\BOOKMARK [2][-]{subsection.1.1.8}{\376\377\0001\000.\0001\000.\0008\000\040\201\364\214\042}{section.1.1}% 15
\BOOKMARK [2][-]{subsection.1.1.9}{\376\377\0001\000.\0001\000.\0009\000\040\116\052\116\272\173\200\123\206}{section.1.1}% 16
\BOOKMARK [1][-]{section.1.2}{\376\377\0001\000.\0002\000\040\116\146\121\231\211\304\133\232}{chapter.1}% 17
\BOOKMARK [2][-]{subsection.1.2.1}{\376\377\0001\000.\0002\000.\0001\000\040\213\272\145\207\153\143\145\207\133\127\145\160}{section.1.2}% 18
\BOOKMARK [2][-]{subsection.1.2.2}{\376\377\0001\000.\0002\000.\0002\000\040\213\272\145\207\116\146\121\231}{section.1.2}% 19
\BOOKMARK [2][-]{subsection.1.2.3}{\376\377\0001\000.\0002\000.\0003\000\040\144\130\211\201\116\016\121\163\225\056\213\315}{section.1.2}% 20
\BOOKMARK [2][-]{subsection.1.2.4}{\376\377\0001\000.\0002\000.\0004\000\040\166\356\137\125}{section.1.2}% 21
\BOOKMARK [2][-]{subsection.1.2.5}{\376\377\0001\000.\0002\000.\0005\000\040\213\272\145\207\153\143\145\207}{section.1.2}% 22
\BOOKMARK [2][-]{subsection.1.2.6}{\376\377\0001\000.\0002\000.\0006\000\040\137\025\165\050\145\207\163\056\150\007\154\350}{section.1.2}% 23
\BOOKMARK [2][-]{subsection.1.2.7}{\376\377\0001\000.\0002\000.\0007\000\040\124\015\213\315\147\057\213\355}{section.1.2}% 24
\BOOKMARK [2][-]{subsection.1.2.8}{\376\377\0001\000.\0002\000.\0008\000\040\162\151\164\006\221\317\150\007\154\350}{section.1.2}% 25
\BOOKMARK [2][-]{subsection.1.2.9}{\376\377\0001\000.\0002\000.\0009\000\040\131\026\145\207\133\127\153\315\166\204\153\143\117\123\116\016\145\234\117\123\165\050\154\325}{section.1.2}% 26
\BOOKMARK [2][-]{subsection.1.2.10}{\376\377\0001\000.\0002\000.\0001\0000\000\040\145\160\133\127}{section.1.2}% 27
\BOOKMARK [2][-]{subsection.1.2.11}{\376\377\0001\000.\0002\000.\0001\0001\000\040\121\154\137\017}{section.1.2}% 28
\BOOKMARK [2][-]{subsection.1.2.12}{\376\377\0001\000.\0002\000.\0001\0002\000\040\143\322\210\150}{section.1.2}% 29
\BOOKMARK [2][-]{subsection.1.2.13}{\376\377\0001\000.\0002\000.\0001\0003\000\040\123\302\200\003\145\207\163\056}{section.1.2}% 30
\BOOKMARK [2][-]{subsection.1.2.14}{\376\377\0001\000.\0002\000.\0001\0004\000\040\226\104\137\125}{section.1.2}% 31
\BOOKMARK [2][-]{subsection.1.2.15}{\376\377\0001\000.\0002\000.\0001\0005\000\040\145\073\213\373\133\146\117\115\147\037\225\364\123\326\137\227\122\033\145\260\140\047\142\020\147\234}{section.1.2}% 32
\BOOKMARK [2][-]{subsection.1.2.16}{\376\377\0001\000.\0002\000.\0001\0006\000\040\175\042\137\025}{section.1.2}% 33
\BOOKMARK [2][-]{subsection.1.2.17}{\376\377\0001\000.\0002\000.\0001\0007\000\040\116\052\116\272\173\200\123\206}{section.1.2}% 34
\BOOKMARK [2][-]{subsection.1.2.18}{\376\377\0001\000.\0002\000.\0001\0008\000\040\116\146\201\012}{section.1.2}% 35
\BOOKMARK [2][-]{subsection.1.2.19}{\376\377\0001\000.\0002\000.\0001\0009\000\040\121\166\116\326}{section.1.2}% 36
\BOOKMARK [0][]{chapter.2}{\376\377\173\054\0002\172\340\000\040\171\072\117\213\145\207\150\143}{}% 37
\BOOKMARK [1][-]{section.2.1}{\376\377\0002\000.\0001\000\040\121\163\116\216\145\160\133\127}{chapter.2}% 38
\BOOKMARK [1][-]{section.2.2}{\376\377\0002\000.\0002\000\040\175\042\137\025\171\072\117\213}{chapter.2}% 39
\BOOKMARK [1][-]{section.2.3}{\376\377\0002\000.\0003\000\040\147\057\213\355\143\222\162\110\116\076\117\213}{chapter.2}% 40
\BOOKMARK [1][-]{section.2.4}{\376\377\0002\000.\0004\000\040\137\025\165\050}{chapter.2}% 41
\BOOKMARK [1][-]{section.2.5}{\376\377\0002\000.\0005\000\040\133\232\164\006\124\214\133\232\116\111\173\111}{chapter.2}% 42
\BOOKMARK [1][-]{section.2.6}{\376\377\0002\000.\0006\000\040\126\376\162\107}{chapter.2}% 43
\BOOKMARK [2][-]{subsection.2.6.1}{\376\377\0002\000.\0006\000.\0001\000\040\123\132\130\353\153\325\116\032\213\272\145\207\123\314\213\355\230\230\154\350}{section.2.6}% 44
\BOOKMARK [2][-]{subsection.2.6.2}{\376\377\0002\000.\0006\000.\0002\000\040\147\054\170\125\213\272\145\207\230\230\154\350}{section.2.6}% 45
\BOOKMARK [2][-]{subsection.2.6.3}{\376\377\0002\000.\0006\000.\0003\000\040\136\166\143\222\126\376\124\214\133\120\126\376}{section.2.6}% 46
\BOOKMARK [1][-]{section.2.7}{\376\377\0002\000.\0007\000\040\131\202\117\125\120\132\121\372\173\046\124\010\211\304\203\003\166\204\157\002\116\256\166\204\126\376}{chapter.2}% 47
\BOOKMARK [2][-]{subsection.2.7.1}{\376\377\0002\000.\0007\000.\0001\000\040\000T\000i\000k\000z\117\134\126\376\116\076\117\213}{section.2.7}% 48
\BOOKMARK [2][-]{subsection.2.7.2}{\376\377\0002\000.\0007\000.\0002\000\040\000R\117\134\126\376}{section.2.7}% 49
\BOOKMARK [1][-]{section.2.8}{\376\377\0002\000.\0008\000\040\210\150\150\074}{chapter.2}% 50
\BOOKMARK [2][-]{subsection.2.8.1}{\376\377\0002\000.\0008\000.\0001\000\040\146\156\220\032\210\150\150\074\166\204\176\330\122\066\145\271\154\325}{section.2.8}% 51
\BOOKMARK [2][-]{subsection.2.8.2}{\376\377\0002\000.\0008\000.\0002\000\040\225\177\210\150\150\074\166\204\176\330\122\066\145\271\154\325}{section.2.8}% 52
\BOOKMARK [2][-]{subsection.2.8.3}{\376\377\0002\000.\0008\000.\0003\000\040\122\027\133\275\123\357\214\003\210\150\150\074\166\204\176\330\122\066\145\271\154\325}{section.2.8}% 53
\BOOKMARK [1][-]{section.2.9}{\376\377\0002\000.\0009\000\040\121\154\137\017}{chapter.2}% 54
\BOOKMARK [1][-]{section.2.10}{\376\377\0002\000.\0001\0000\000\040\121\166\116\326\147\102\230\171}{chapter.2}% 55
\BOOKMARK [2][-]{subsection.2.10.1}{\376\377\0002\000.\0001\0000\000.\0001\000\040\123\363\177\373\230\165}{section.2.10}% 56
\BOOKMARK [2][-]{subsection.2.10.2}{\376\377\0002\000.\0001\0000\000.\0002\000\040\173\227\154\325}{section.2.10}% 57
\BOOKMARK [2][-]{subsection.2.10.3}{\376\377\0002\000.\0001\0000\000.\0003\000\040\201\032\154\350}{section.2.10}% 58
\BOOKMARK [2][-]{subsection.2.10.4}{\376\377\0002\000.\0001\0000\000.\0004\000\040\156\220\170\001}{section.2.10}% 59
\BOOKMARK [2][-]{subsection.2.10.5}{\376\377\0002\000.\0001\0000\000.\0005\000\040\140\035\156\220\133\213\117\123}{section.2.10}% 60
\BOOKMARK [2][-]{subsection.2.10.6}{\376\377\0002\000.\0001\0000\000.\0006\000\040\116\023\116\032\176\330\126\376\135\345\121\167}{section.2.10}% 61
\BOOKMARK [2][-]{subsection.2.10.7}{\376\377\0002\000.\0001\0000\000.\0007\000\040\147\057\213\355\213\315\154\107\173\241\164\006}{section.2.10}% 62
\BOOKMARK [2][-]{subsection.2.10.8}{\376\377\0002\000.\0001\0000\000.\0008\000\040\000T\000e\000X\000\040\156\220\170\001\177\026\217\221\126\150}{section.2.10}% 63
\BOOKMARK [2][-]{subsection.2.10.9}{\376\377\0002\000.\0001\0000\000.\0009\000\040\000L\000a\000T\000e\000X\000\040\143\222\162\110\221\315\211\201\123\237\122\031}{section.2.10}% 64
\BOOKMARK [1][-]{section.2.11}{\376\377\0002\000.\0001\0001\000\040\121\163\116\216\143\120\122\251}{chapter.2}% 65
\BOOKMARK [0][]{section*.12}{\376\377\176\323\000\040\213\272}{}% 66
\BOOKMARK [0][]{section*.15}{\376\377\123\302\200\003\145\207\163\056}{}% 67
\BOOKMARK [0][]{section*.17}{\376\377\124\310\134\024\156\350\135\345\116\032\131\047\133\146\147\054\171\321\153\325\116\032\213\276\213\241\377\010\213\272\145\207\377\011\123\237\122\033\140\047\130\360\146\016\000\040}{}% 68
\BOOKMARK [0][]{section*.19}{\376\377\201\364\000\040\214\042}{}% 69
\BOOKMARK [0][]{appendix.A}{\376\377\226\104\137\125\000\040\0001\000\040\131\026\145\207\215\104\145\231\123\237\145\207}{}% 70
\BOOKMARK [1][-]{section.A.1}{\376\377\0001\000.\0001\000\040\000S\000i\000n\000g\000l\000e\000-\000O\000b\000j\000e\000c\000t\000i\000v\000e\000\040\000P\000r\000o\000g\000r\000a\000m\000m\000i\000n\000g}{appendix.A}% 71
\BOOKMARK [2][-]{subsection.A.1.1}{\376\377\0001\000.\0001\000.\0001\000\040\000L\000i\000n\000e\000a\000r\000\040\000P\000r\000o\000g\000r\000a\000m\000m\000i\000n\000g}{section.A.1}% 72
\BOOKMARK [2][-]{subsection.A.1.2}{\376\377\0001\000.\0001\000.\0002\000\040\000N\000o\000n\000l\000i\000n\000e\000a\000r\000\040\000P\000r\000o\000g\000r\000a\000m\000m\000i\000n\000g}{section.A.1}% 73
\BOOKMARK [2][-]{subsection.A.1.3}{\376\377\0001\000.\0001\000.\0003\000\040\000I\000n\000t\000e\000g\000e\000r\000\040\000P\000r\000o\000g\000r\000a\000m\000m\000i\000n\000g}{section.A.1}% 74
\BOOKMARK [0][]{appendix.B}{\376\377\226\104\137\125\000\040\0002\000\040\131\026\145\207\215\104\145\231\166\204\214\003\170\024\226\005\213\373\142\245\124\112\142\026\116\146\227\142\177\373\213\321}{}% 75
\BOOKMARK [1][-]{section.B.1}{\376\377\0002\000.\0001\000\040\123\125\166\356\150\007\211\304\122\022}{appendix.B}% 76
\BOOKMARK [2][-]{subsection.B.1.1}{\376\377\0002\000.\0001\000.\0001\000\040\176\277\140\047\211\304\122\022}{section.B.1}% 77
\BOOKMARK [2][-]{subsection.B.1.2}{\376\377\0002\000.\0001\000.\0002\000\040\227\136\176\277\140\047\211\304\122\022}{section.B.1}% 78
\BOOKMARK [2][-]{subsection.B.1.3}{\376\377\0002\000.\0001\000.\0003\000\040\145\164\145\160\211\304\122\022}{section.B.1}% 79
\BOOKMARK [0][]{appendix.C}{\376\377\226\104\137\125\000\040\0003\000\040\121\166\133\203\226\104\137\125}{}% 80
